6 Hilbert basis elements of degree 1
3 extreme rays
3 support hyperplanes

embedding dimension = 3
rank = 3 (maximal)
index = 4

size of triangulation   = 1
resulting sum of |det|s = 4

grading:
0 0 1 

degrees of extreme rays:
1: 3  

***********************************************************************

3 extreme rays:
  0  0  1
 -2  2  1
 -2  0  1

3 support hyperplanes:
  1  0  2
  0  1  0
 -1 -1  0

6 Hilbert basis elements of degree 1:
 -2  0  1
 -2  2  1
  0  0  1
 -2  1  1
 -1  0  1
 -1  1  1

