21 Hilbert basis elements of degree 1
3 extreme rays
3 support hyperplanes

embedding dimension = 3
rank = 3 (maximal)
index = 25

size of triangulation   = 1
resulting sum of |det|s = 25

grading:
0 0 1 

degrees of extreme rays:
1: 3  

***********************************************************************

3 extreme rays:
  0  0  1
 -5  5  1
 -5  0  1

3 support hyperplanes:
  1  0  5
  0  1  0
 -1 -1  0

21 Hilbert basis elements of degree 1:
 -5  0  1
 -5  5  1
  0  0  1
 -5  1  1
 -5  2  1
 -5  3  1
 -5  4  1
 -4  0  1
 -4  1  1
 -4  2  1
 -4  3  1
 -4  4  1
 -3  0  1
 -3  1  1
 -3  2  1
 -3  3  1
 -2  0  1
 -2  1  1
 -2  2  1
 -1  0  1
 -1  1  1

